{
  "stats": {
    "suites": 1,
    "tests": 2,
    "passes": 2,
    "pending": 0,
    "failures": 0,
    "start": "2024-03-16T06:59:22.929Z",
    "end": "2024-03-16T06:59:24.458Z",
    "duration": 1529,
    "testsRegistered": 2,
    "passPercent": 100,
    "pendingPercent": 0,
    "other": 0,
    "hasOther": false,
    "skipped": 0,
    "hasSkipped": false
  },
  "results": [
    {
      "uuid": "ecccc5fd-91b5-439b-bb11-81909db97186",
      "title": "",
      "fullFile": "D:\\CODING\\CODING-PROJECTS\\GitHub Repository\\myskill-live-apitest\\test\\api\\chaiAssert.js",
      "file": "\\test\\api\\chaiAssert.js",
      "beforeHooks": [],
      "afterHooks": [],
      "tests": [],
      "suites": [
        {
          "uuid": "9ab3b0c4-72c7-4954-a2e2-33cf5efa1dd8",
          "title": "Post Require Example",
          "fullFile": "D:\\CODING\\CODING-PROJECTS\\GitHub Repository\\myskill-live-apitest\\test\\api\\chaiAssert.js",
          "file": "\\test\\api\\chaiAssert.js",
          "beforeHooks": [],
          "afterHooks": [],
          "tests": [
            {
              "title": "response status equal to 200",
              "fullTitle": "Post Require Example response status equal to 200",
              "timedOut": false,
              "duration": 1501,
              "state": "passed",
              "speed": "slow",
              "pass": true,
              "fail": false,
              "pending": false,
              "context": null,
              "code": "//Check response status harus sama dengan 200\nexpect((await response).status).to.equal(200);",
              "err": {},
              "uuid": "ee23fc77-e837-4134-9d3e-bfd64101e0a3",
              "parentUUID": "9ab3b0c4-72c7-4954-a2e2-33cf5efa1dd8",
              "isHook": false,
              "skipped": false
            },
            {
              "title": "response body to haveOwnProperty",
              "fullTitle": "Post Require Example response body to haveOwnProperty",
              "timedOut": false,
              "duration": 5,
              "state": "passed",
              "speed": "fast",
              "pass": true,
              "fail": false,
              "pending": false,
              "context": null,
              "code": "//Expect dalam body response terdapat value 'message'\nexpect((await response).body).to.haveOwnProperty(\"message\");",
              "err": {},
              "uuid": "4ba0569c-c323-4ed7-a37a-048d5310a3d3",
              "parentUUID": "9ab3b0c4-72c7-4954-a2e2-33cf5efa1dd8",
              "isHook": false,
              "skipped": false
            }
          ],
          "suites": [],
          "passes": [
            "ee23fc77-e837-4134-9d3e-bfd64101e0a3",
            "4ba0569c-c323-4ed7-a37a-048d5310a3d3"
          ],
          "failures": [],
          "pending": [],
          "skipped": [],
          "duration": 1506,
          "root": false,
          "rootEmpty": false,
          "_timeout": 2000
        }
      ],
      "passes": [],
      "failures": [],
      "pending": [],
      "skipped": [],
      "duration": 0,
      "root": true,
      "rootEmpty": true,
      "_timeout": 2000
    }
  ],
  "meta": {
    "mocha": {
      "version": "10.0.0"
    },
    "mochawesome": {
      "options": {
        "quiet": false,
        "reportFilename": "mochawesome",
        "saveHtml": true,
        "saveJson": true,
        "consoleReporter": "spec",
        "useInlineDiffs": false,
        "code": true
      },
      "version": "7.1.3"
    },
    "marge": {
      "options": null,
      "version": "6.2.0"
    }
  }
}